2016-11-16 10:34:58,794 [main] DEBUG com.l33tindustries.tools.datastructure.LinkedListDS - l33tindustries.tools.datastructure.LinkedListDS.getNode(LinkedListDS.java:195) Starting to traverse from the first node. 
2016-11-16 10:34:58,794 [main] DEBUG com.l33tindustries.tools.datastructure.LinkedListDS - l33tindustries.tools.datastructure.LinkedListDS.getNode(LinkedListDS.java:205)Found the node : 75956508
2016-11-16 10:34:58,795 [main] DEBUG com.l33tindustries.tools.datastructure.LinkedListDS - l33tindustries.tools.datastructure.LinkedListDS.deleteNode(LinkedListDS.java:329) Looking to delete 75956508
2016-11-16 10:34:58,795 [main] DEBUG com.l33tindustries.tools.datastructure.LinkedListDS - l33tindustries.tools.datastructure.LinkedListDS.deleteNode(LinkedListDS.java:334) Destination deletion node is the head. Setting the next node as the new head.
2016-11-16 10:34:58,796 [main] DEBUG com.l33tindustries.tools.datastructure.LinkedListDS - l33tindustries.tools.datastructure.LinkedListDS.getNode(LinkedListDS.java:187) Head does not equals null, so there is a node to return.
2016-11-16 10:34:58,796 [main] DEBUG com.l33tindustries.tools.datastructure.LinkedListDS - l33tindustries.tools.datastructure.LinkedListDS.getNode(LinkedListDS.java:195) Starting to traverse from the first node. 
2016-11-16 10:34:58,796 [main] DEBUG com.l33tindustries.tools.datastructure.LinkedListDS - l33tindustries.tools.datastructure.LinkedListDS.getNode(LinkedListDS.java:200) Running through node : 1484208833 going to the next node.
2016-11-16 10:34:58,796 [main] DEBUG com.l33tindustries.tools.datastructure.LinkedListDS - l33tindustries.tools.datastructure.LinkedListDS.getNode(LinkedListDS.java:200) Running through node : 1255587465 going to the next node.
2016-11-16 10:34:58,796 [main] DEBUG com.l33tindustries.tools.datastructure.LinkedListDS - l33tindustries.tools.datastructure.LinkedListDS.getNode(LinkedListDS.java:205)Found the node : 921447026
2016-11-16 10:34:58,797 [main] DEBUG com.l33tindustries.tools.datastructure.LinkedListDS - l33tindustries.tools.datastructure.LinkedListDS.deleteNode(LinkedListDS.java:329) Looking to delete 921447026
2016-11-16 10:34:58,797 [main] DEBUG com.l33tindustries.tools.datastructure.LinkedListDS - l33tindustries.tools.datastructure.LinkedListDS.deleteNode(LinkedListDS.java:341) Starting from the first node, and searching for the node to delete.
2016-11-16 10:34:58,797 [main] DEBUG com.l33tindustries.tools.datastructure.LinkedListDS - l33tindustries.tools.datastructure.LinkedListDS.deleteNode(LinkedListDS.java:348) next 921447026 target 921447026
2016-11-16 10:34:58,797 [main] DEBUG com.l33tindustries.tools.datastructure.LinkedListDS - l33tindustries.tools.datastructure.LinkedListDS.deleteNode(LinkedListDS.java:358) Setting Node 1255587465 next to 2075296326
2016-11-16 10:34:58,798 [main] DEBUG com.l33tindustries.tools.datastructure.LinkedListDS - l33tindustries.tools.datastructure.LinkedListDS.getNode(LinkedListDS.java:187) Head does not equals null, so there is a node to return.
2016-11-16 10:34:58,798 [main] DEBUG com.l33tindustries.tools.datastructure.LinkedListDS - l33tindustries.tools.datastructure.LinkedListDS.getNode(LinkedListDS.java:195) Starting to traverse from the first node. 
2016-11-16 10:34:58,798 [main] DEBUG com.l33tindustries.tools.datastructure.LinkedListDS - l33tindustries.tools.datastructure.LinkedListDS.getNode(LinkedListDS.java:205)Found the node : 1484208833
2016-11-16 10:34:58,799 [main] DEBUG com.l33tindustries.tools.datastructure.LinkedListDS - l33tindustries.tools.datastructure.LinkedListDS.deleteNode(LinkedListDS.java:329) Looking to delete 1484208833
2016-11-16 10:34:58,799 [main] DEBUG com.l33tindustries.tools.datastructure.LinkedListDS - l33tindustries.tools.datastructure.LinkedListDS.deleteNode(LinkedListDS.java:334) Destination deletion node is the head. Setting the next node as the new head.
2016-11-16 10:34:58,800 [main] DEBUG com.l33tindustries.tools.datastructure.LinkedListDS - l33tindustries.tools.datastructure.LinkedListDS.insertNode(LinkedListDS.java:272) Adding data : 0
2016-11-16 10:34:58,800 [main] DEBUG com.l33tindustries.tools.datastructure.LinkedListDS - l33tindustries.tools.datastructure.LinkedListDS.insertNode(LinkedListDS.java:276) New node created: 995743638
2016-11-16 10:34:58,800 [main] DEBUG com.l33tindustries.tools.datastructure.LinkedListDS - l33tindustries.tools.datastructure.LinkedListDS.insertNode(LinkedListDS.java:287) Setting head 1255587465 as next for new head node: 995743638 and putting new node in the front.
2016-11-16 10:34:58,800 [main] DEBUG com.l33tindustries.tools.datastructure.LinkedListDS - l33tindustries.tools.datastructure.LinkedListDS.insertNode(LinkedListDS.java:290) Setting in front of head.
2016-11-16 10:34:58,801 [main] DEBUG com.l33tindustries.tools.datastructure.LinkedListDS - l33tindustries.tools.datastructure.LinkedListDS.insertNode(LinkedListDS.java:272) Adding data : 5
2016-11-16 10:34:58,801 [main] DEBUG com.l33tindustries.tools.datastructure.LinkedListDS - l33tindustries.tools.datastructure.LinkedListDS.insertNode(LinkedListDS.java:276) New node created: 123262795
2016-11-16 10:34:58,801 [main] DEBUG com.l33tindustries.tools.datastructure.LinkedListDS - l33tindustries.tools.datastructure.LinkedListDS.insertNode(LinkedListDS.java:287) Setting head 995743638 as next for new head node: 123262795 and putting new node in the front.
2016-11-16 10:34:58,801 [main] DEBUG com.l33tindustries.tools.datastructure.LinkedListDS - l33tindustries.tools.datastructure.LinkedListDS.insertNode(LinkedListDS.java:290) Setting in front of head.
2016-11-16 10:34:58,802 [main] DEBUG com.l33tindustries.tools.datastructure.LinkedListDS - l33tindustries.tools.datastructure.LinkedListDS.insertNode(LinkedListDS.java:272) Adding data : 12
2016-11-16 10:34:58,802 [main] DEBUG com.l33tindustries.tools.datastructure.LinkedListDS - l33tindustries.tools.datastructure.LinkedListDS.insertNode(LinkedListDS.java:276) New node created: 1503559857
2016-11-16 10:34:58,802 [main] DEBUG com.l33tindustries.tools.datastructure.LinkedListDS - l33tindustries.tools.datastructure.LinkedListDS.insertNode(LinkedListDS.java:287) Setting head 123262795 as next for new head node: 1503559857 and putting new node in the front.
2016-11-16 10:34:58,802 [main] DEBUG com.l33tindustries.tools.datastructure.LinkedListDS - l33tindustries.tools.datastructure.LinkedListDS.insertNode(LinkedListDS.java:290) Setting in front of head.
2016-11-16 10:34:58,804 [main] DEBUG com.l33tindustries.tools.datastructure.LinkedListDS - l33tindustries.tools.datastructure.LinkedListDS.getLast(LinkedListDS.java:150) Starting with node : 1503559857
2016-11-16 10:34:58,804 [main] DEBUG com.l33tindustries.tools.datastructure.LinkedListDS - l33tindustries.tools.datastructure.LinkedListDS.getLast(LinkedListDS.java:166) Node:  1503559857 is not the last node. Trying the next node.
2016-11-16 10:34:58,805 [main] DEBUG com.l33tindustries.tools.datastructure.LinkedListDS - l33tindustries.tools.datastructure.LinkedListDS.getLast(LinkedListDS.java:166) Node:  123262795 is not the last node. Trying the next node.
2016-11-16 10:34:58,805 [main] DEBUG com.l33tindustries.tools.datastructure.LinkedListDS - l33tindustries.tools.datastructure.LinkedListDS.getLast(LinkedListDS.java:166) Node:  995743638 is not the last node. Trying the next node.
2016-11-16 10:34:58,805 [main] DEBUG com.l33tindustries.tools.datastructure.LinkedListDS - l33tindustries.tools.datastructure.LinkedListDS.getLast(LinkedListDS.java:166) Node:  1255587465 is not the last node. Trying the next node.
2016-11-16 10:34:58,805 [main] DEBUG com.l33tindustries.tools.datastructure.LinkedListDS - l33tindustries.tools.datastructure.LinkedListDS.deleteNode(LinkedListDS.java:329) Looking to delete 2075296326
2016-11-16 10:34:58,806 [main] DEBUG com.l33tindustries.tools.datastructure.LinkedListDS - l33tindustries.tools.datastructure.LinkedListDS.deleteNode(LinkedListDS.java:341) Starting from the first node, and searching for the node to delete.
2016-11-16 10:34:58,806 [main] DEBUG com.l33tindustries.tools.datastructure.LinkedListDS - l33tindustries.tools.datastructure.LinkedListDS.deleteNode(LinkedListDS.java:348) next 995743638 target 2075296326
2016-11-16 10:34:58,806 [main] DEBUG com.l33tindustries.tools.datastructure.LinkedListDS - l33tindustries.tools.datastructure.LinkedListDS.deleteNode(LinkedListDS.java:348) next 1255587465 target 2075296326
2016-11-16 10:34:58,806 [main] DEBUG com.l33tindustries.tools.datastructure.LinkedListDS - l33tindustries.tools.datastructure.LinkedListDS.deleteNode(LinkedListDS.java:348) next 2075296326 target 2075296326
2016-11-16 10:34:58,806 [main] DEBUG com.l33tindustries.tools.datastructure.LinkedListDS - l33tindustries.tools.datastructure.LinkedListDS.deleteNode(LinkedListDS.java:353) Setting Node 1255587465 next to null
2016-11-16 10:34:58,807 [main] DEBUG com.l33tindustries.tools.datastructure.LinkedListDS - l33tindustries.tools.datastructure.LinkedListDS.getLast(LinkedListDS.java:150) Starting with node : 1503559857
2016-11-16 10:34:58,807 [main] DEBUG com.l33tindustries.tools.datastructure.LinkedListDS - l33tindustries.tools.datastructure.LinkedListDS.getLast(LinkedListDS.java:166) Node:  1503559857 is not the last node. Trying the next node.
2016-11-16 10:34:58,807 [main] DEBUG com.l33tindustries.tools.datastructure.LinkedListDS - l33tindustries.tools.datastructure.LinkedListDS.getLast(LinkedListDS.java:166) Node:  123262795 is not the last node. Trying the next node.
2016-11-16 10:34:58,807 [main] DEBUG com.l33tindustries.tools.datastructure.LinkedListDS - l33tindustries.tools.datastructure.LinkedListDS.getLast(LinkedListDS.java:166) Node:  995743638 is not the last node. Trying the next node.
2016-11-16 10:34:58,808 [main] DEBUG com.l33tindustries.tools.datastructure.LinkedListDS - l33tindustries.tools.datastructure.LinkedListDS.deleteNode(LinkedListDS.java:329) Looking to delete 1255587465
2016-11-16 10:34:58,808 [main] DEBUG com.l33tindustries.tools.datastructure.LinkedListDS - l33tindustries.tools.datastructure.LinkedListDS.deleteNode(LinkedListDS.java:341) Starting from the first node, and searching for the node to delete.
2016-11-16 10:34:58,808 [main] DEBUG com.l33tindustries.tools.datastructure.LinkedListDS - l33tindustries.tools.datastructure.LinkedListDS.deleteNode(LinkedListDS.java:348) next 995743638 target 1255587465
2016-11-16 10:34:58,808 [main] DEBUG com.l33tindustries.tools.datastructure.LinkedListDS - l33tindustries.tools.datastructure.LinkedListDS.deleteNode(LinkedListDS.java:348) next 1255587465 target 1255587465
2016-11-16 10:34:58,808 [main] DEBUG com.l33tindustries.tools.datastructure.LinkedListDS - l33tindustries.tools.datastructure.LinkedListDS.deleteNode(LinkedListDS.java:353) Setting Node 995743638 next to null
2016-11-16 10:34:58,809 [main] DEBUG com.l33tindustries.tools.datastructure.LinkedListDS - l33tindustries.tools.datastructure.LinkedListDS.getLast(LinkedListDS.java:150) Starting with node : 1503559857
2016-11-16 10:34:58,809 [main] DEBUG com.l33tindustries.tools.datastructure.LinkedListDS - l33tindustries.tools.datastructure.LinkedListDS.getLast(LinkedListDS.java:166) Node:  1503559857 is not the last node. Trying the next node.
2016-11-16 10:34:58,809 [main] DEBUG com.l33tindustries.tools.datastructure.LinkedListDS - l33tindustries.tools.datastructure.LinkedListDS.getLast(LinkedListDS.java:166) Node:  123262795 is not the last node. Trying the next node.
2016-11-16 10:34:58,809 [main] DEBUG com.l33tindustries.tools.datastructure.LinkedListDS - l33tindustries.tools.datastructure.LinkedListDS.insertNode(LinkedListDS.java:272) Adding data : 55
2016-11-16 10:34:58,809 [main] DEBUG com.l33tindustries.tools.datastructure.LinkedListDS - l33tindustries.tools.datastructure.LinkedListDS.insertNode(LinkedListDS.java:276) New node created: 890442350
2016-11-16 10:34:58,809 [main] DEBUG com.l33tindustries.tools.datastructure.LinkedListDS - l33tindustries.tools.datastructure.LinkedListDS.insertNode(LinkedListDS.java:297) List is not empty. 
2016-11-16 10:34:58,810 [main] DEBUG com.l33tindustries.tools.datastructure.LinkedListDS - l33tindustries.tools.datastructure.LinkedListDS.getLast(LinkedListDS.java:150) Starting with node : 1503559857
2016-11-16 10:34:58,810 [main] DEBUG com.l33tindustries.tools.datastructure.LinkedListDS - l33tindustries.tools.datastructure.LinkedListDS.getLast(LinkedListDS.java:166) Node:  1503559857 is not the last node. Trying the next node.
2016-11-16 10:34:58,810 [main] DEBUG com.l33tindustries.tools.datastructure.LinkedListDS - l33tindustries.tools.datastructure.LinkedListDS.getLast(LinkedListDS.java:166) Node:  123262795 is not the last node. Trying the next node.
2016-11-16 10:34:58,810 [main] DEBUG com.l33tindustries.tools.datastructure.LinkedListDS - l33tindustries.tools.datastructure.LinkedListDS.getLast(LinkedListDS.java:166) Node:  995743638 is not the last node. Trying the next node.
2016-11-16 10:34:58,811 [main] DEBUG com.l33tindustries.tools.datastructure.LinkedListDS - l33tindustries.tools.datastructure.LinkedListDS.deleteNode(LinkedListDS.java:329) Looking to delete 890442350
2016-11-16 10:34:58,811 [main] DEBUG com.l33tindustries.tools.datastructure.LinkedListDS - l33tindustries.tools.datastructure.LinkedListDS.deleteNode(LinkedListDS.java:341) Starting from the first node, and searching for the node to delete.
2016-11-16 10:34:58,811 [main] DEBUG com.l33tindustries.tools.datastructure.LinkedListDS - l33tindustries.tools.datastructure.LinkedListDS.deleteNode(LinkedListDS.java:348) next 995743638 target 890442350
2016-11-16 10:34:58,811 [main] DEBUG com.l33tindustries.tools.datastructure.LinkedListDS - l33tindustries.tools.datastructure.LinkedListDS.deleteNode(LinkedListDS.java:348) next 890442350 target 890442350
2016-11-16 10:34:58,811 [main] DEBUG com.l33tindustries.tools.datastructure.LinkedListDS - l33tindustries.tools.datastructure.LinkedListDS.deleteNode(LinkedListDS.java:353) Setting Node 995743638 next to null
2016-11-16 10:34:58,812 [main] DEBUG com.l33tindustries.tools.datastructure.LinkedListDS - l33tindustries.tools.datastructure.LinkedListDS.getLast(LinkedListDS.java:150) Starting with node : 1503559857
2016-11-16 10:34:58,812 [main] DEBUG com.l33tindustries.tools.datastructure.LinkedListDS - l33tindustries.tools.datastructure.LinkedListDS.getLast(LinkedListDS.java:166) Node:  1503559857 is not the last node. Trying the next node.
2016-11-16 10:34:58,812 [main] DEBUG com.l33tindustries.tools.datastructure.LinkedListDS - l33tindustries.tools.datastructure.LinkedListDS.getLast(LinkedListDS.java:166) Node:  123262795 is not the last node. Trying the next node.
2016-11-16 10:34:58,812 [main] DEBUG com.l33tindustries.tools.datastructure.LinkedListDS - l33tindustries.tools.datastructure.LinkedListDS.deleteNode(LinkedListDS.java:329) Looking to delete 995743638
2016-11-16 10:34:58,812 [main] DEBUG com.l33tindustries.tools.datastructure.LinkedListDS - l33tindustries.tools.datastructure.LinkedListDS.deleteNode(LinkedListDS.java:341) Starting from the first node, and searching for the node to delete.
2016-11-16 10:34:58,813 [main] DEBUG com.l33tindustries.tools.datastructure.LinkedListDS - l33tindustries.tools.datastructure.LinkedListDS.deleteNode(LinkedListDS.java:348) next 995743638 target 995743638
2016-11-16 10:34:58,813 [main] DEBUG com.l33tindustries.tools.datastructure.LinkedListDS - l33tindustries.tools.datastructure.LinkedListDS.deleteNode(LinkedListDS.java:353) Setting Node 123262795 next to null
2016-11-16 10:34:58,814 [main] DEBUG com.l33tindustries.tools.datastructure.LinkedListDS - l33tindustries.tools.datastructure.LinkedListDS.getLast(LinkedListDS.java:150) Starting with node : 1503559857
2016-11-16 10:34:58,814 [main] DEBUG com.l33tindustries.tools.datastructure.LinkedListDS - l33tindustries.tools.datastructure.LinkedListDS.getLast(LinkedListDS.java:166) Node:  1503559857 is not the last node. Trying the next node.
2016-11-16 10:34:58,814 [main] DEBUG com.l33tindustries.tools.datastructure.LinkedListDS - l33tindustries.tools.datastructure.LinkedListDS.insertNode(LinkedListDS.java:272) Adding data : 55
2016-11-16 10:34:58,814 [main] DEBUG com.l33tindustries.tools.datastructure.LinkedListDS - l33tindustries.tools.datastructure.LinkedListDS.insertNode(LinkedListDS.java:276) New node created: 1998524154
2016-11-16 10:34:58,815 [main] DEBUG com.l33tindustries.tools.datastructure.LinkedListDS - l33tindustries.tools.datastructure.LinkedListDS.insertNode(LinkedListDS.java:297) List is not empty. 
2016-11-16 10:34:58,816 [main] DEBUG com.l33tindustries.tools.datastructure.LinkedListDS - l33tindustries.tools.datastructure.LinkedListDS.getLast(LinkedListDS.java:150) Starting with node : 1503559857
2016-11-16 10:34:58,816 [main] DEBUG com.l33tindustries.tools.datastructure.LinkedListDS - l33tindustries.tools.datastructure.LinkedListDS.getLast(LinkedListDS.java:166) Node:  1503559857 is not the last node. Trying the next node.
2016-11-16 10:34:58,816 [main] DEBUG com.l33tindustries.tools.datastructure.LinkedListDS - l33tindustries.tools.datastructure.LinkedListDS.getLast(LinkedListDS.java:166) Node:  123262795 is not the last node. Trying the next node.
2016-11-16 10:34:58,816 [main] DEBUG com.l33tindustries.tools.datastructure.LinkedListDS - l33tindustries.tools.datastructure.LinkedListDS.deleteNode(LinkedListDS.java:329) Looking to delete 1998524154
2016-11-16 10:34:58,817 [main] DEBUG com.l33tindustries.tools.datastructure.LinkedListDS - l33tindustries.tools.datastructure.LinkedListDS.deleteNode(LinkedListDS.java:341) Starting from the first node, and searching for the node to delete.
2016-11-16 10:34:58,817 [main] DEBUG com.l33tindustries.tools.datastructure.LinkedListDS - l33tindustries.tools.datastructure.LinkedListDS.deleteNode(LinkedListDS.java:348) next 1998524154 target 1998524154
2016-11-16 10:34:58,817 [main] DEBUG com.l33tindustries.tools.datastructure.LinkedListDS - l33tindustries.tools.datastructure.LinkedListDS.deleteNode(LinkedListDS.java:353) Setting Node 123262795 next to null
2016-11-16 10:34:58,817 [main] DEBUG com.l33tindustries.tools.datastructure.LinkedListDS - l33tindustries.tools.datastructure.LinkedListDS.getLast(LinkedListDS.java:150) Starting with node : 1503559857
2016-11-16 10:34:58,817 [main] DEBUG com.l33tindustries.tools.datastructure.LinkedListDS - l33tindustries.tools.datastructure.LinkedListDS.getLast(LinkedListDS.java:166) Node:  1503559857 is not the last node. Trying the next node.
2016-11-16 10:34:58,817 [main] DEBUG com.l33tindustries.tools.datastructure.LinkedListDS - l33tindustries.tools.datastructure.LinkedListDS.deleteNode(LinkedListDS.java:329) Looking to delete 123262795
2016-11-16 10:34:58,817 [main] DEBUG com.l33tindustries.tools.datastructure.LinkedListDS - l33tindustries.tools.datastructure.LinkedListDS.deleteNode(LinkedListDS.java:341) Starting from the first node, and searching for the node to delete.
2016-11-16 10:34:58,818 [main] DEBUG com.l33tindustries.tools.datastructure.LinkedListDS - l33tindustries.tools.datastructure.LinkedListDS.deleteNode(LinkedListDS.java:353) Setting Node 1503559857 next to null
2016-11-16 10:34:58,818 [main] DEBUG com.l33tindustries.tools.datastructure.LinkedListDS - l33tindustries.tools.datastructure.LinkedListDS.getLast(LinkedListDS.java:150) Starting with node : 1503559857
2016-11-16 10:34:58,818 [main] DEBUG com.l33tindustries.tools.datastructure.LinkedListDS - l33tindustries.tools.datastructure.LinkedListDS.deleteNode(LinkedListDS.java:329) Looking to delete 1503559857
2016-11-16 10:34:58,818 [main] DEBUG com.l33tindustries.tools.datastructure.LinkedListDS - l33tindustries.tools.datastructure.LinkedListDS.deleteNode(LinkedListDS.java:334) Destination deletion node is the head. Setting the next node as the new head.
2016-11-16 10:34:58,819 [main] DEBUG com.l33tindustries.tools.datastructure.LinkedListDS - l33tindustries.tools.datastructure.LinkedListDS.insertNode(LinkedListDS.java:272) Adding data : 0
2016-11-16 10:34:58,819 [main] DEBUG com.l33tindustries.tools.datastructure.LinkedListDS - l33tindustries.tools.datastructure.LinkedListDS.insertNode(LinkedListDS.java:276) New node created: 403733551
2016-11-16 10:34:58,819 [main] DEBUG com.l33tindustries.tools.datastructure.LinkedListDS - l33tindustries.tools.datastructure.LinkedListDS.insertNode(LinkedListDS.java:282) Empty list, creating first node.
2016-11-16 10:34:58,819 [main] DEBUG com.l33tindustries.tools.datastructure.LinkedListDS - l33tindustries.tools.datastructure.LinkedListDS.insertNode(LinkedListDS.java:290) Setting in front of head.
2016-11-16 10:34:58,820 [main] DEBUG com.l33tindustries.tools.datastructure.LinkedListDS - l33tindustries.tools.datastructure.LinkedListDS.getLast(LinkedListDS.java:150) Starting with node : 403733551
2016-11-16 10:34:58,820 [main] DEBUG com.l33tindustries.tools.datastructure.LinkedListDS - l33tindustries.tools.datastructure.LinkedListDS.deleteNode(LinkedListDS.java:329) Looking to delete 403733551
2016-11-16 10:34:58,820 [main] DEBUG com.l33tindustries.tools.datastructure.LinkedListDS - l33tindustries.tools.datastructure.LinkedListDS.deleteNode(LinkedListDS.java:334) Destination deletion node is the head. Setting the next node as the new head.
2016-11-16 10:34:58,821 [main] DEBUG com.l33tindustries.tools.datastructure.LinkedListDS - l33tindustries.tools.datastructure.LinkedListDS.getLast(LinkedListDS.java:145) Starting with null head node
2016-11-16 10:34:58,821 [main] DEBUG com.l33tindustries.tools.datastructure.LinkedListDS - l33tindustries.tools.datastructure.LinkedListDS.getLast(LinkedListDS.java:157) Count is 0 for linked list, no last node to return. 
2016-11-16 10:34:58,821 [main] DEBUG com.l33tindustries.tools.datastructure.LinkedListDS - l33tindustries.tools.datastructure.LinkedListDS.insertNode(LinkedListDS.java:272) Adding data : 1
2016-11-16 10:34:58,821 [main] DEBUG com.l33tindustries.tools.datastructure.LinkedListDS - l33tindustries.tools.datastructure.LinkedListDS.insertNode(LinkedListDS.java:276) New node created: 1648950784
2016-11-16 10:34:58,822 [main] DEBUG com.l33tindustries.tools.datastructure.LinkedListDS - l33tindustries.tools.datastructure.LinkedListDS.insertNode(LinkedListDS.java:282) Empty list, creating first node.
2016-11-16 10:34:58,822 [main] DEBUG com.l33tindustries.tools.datastructure.LinkedListDS - l33tindustries.tools.datastructure.LinkedListDS.insertNode(LinkedListDS.java:290) Setting in front of head.
2016-11-16 10:34:58,822 [main] DEBUG com.l33tindustries.tools.datastructure.LinkedListDS - l33tindustries.tools.datastructure.LinkedListDS.getLast(LinkedListDS.java:150) Starting with node : 1648950784
2016-11-16 10:34:58,823 [main] DEBUG com.l33tindustries.tools.datastructure.LinkedListDS - l33tindustries.tools.datastructure.LinkedListDS.insertNode(LinkedListDS.java:272) Adding data : 2
2016-11-16 10:34:58,823 [main] DEBUG com.l33tindustries.tools.datastructure.LinkedListDS - l33tindustries.tools.datastructure.LinkedListDS.insertNode(LinkedListDS.java:276) New node created: 639362153
2016-11-16 10:34:58,823 [main] DEBUG com.l33tindustries.tools.datastructure.LinkedListDS - l33tindustries.tools.datastructure.LinkedListDS.insertNode(LinkedListDS.java:297) List is not empty. 
2016-11-16 10:34:58,823 [main] DEBUG com.l33tindustries.tools.datastructure.LinkedListDS - l33tindustries.tools.datastructure.LinkedListDS.getLast(LinkedListDS.java:150) Starting with node : 1648950784
2016-11-16 10:34:58,823 [main] DEBUG com.l33tindustries.tools.datastructure.LinkedListDS - l33tindustries.tools.datastructure.LinkedListDS.getLast(LinkedListDS.java:166) Node:  1648950784 is not the last node. Trying the next node.
2016-11-16 10:34:58,824 [main] DEBUG com.l33tindustries.tools.datastructure.LinkedListDS - l33tindustries.tools.datastructure.LinkedListDS.insertNode(LinkedListDS.java:272) Adding data : 3
2016-11-16 10:34:58,824 [main] DEBUG com.l33tindustries.tools.datastructure.LinkedListDS - l33tindustries.tools.datastructure.LinkedListDS.insertNode(LinkedListDS.java:276) New node created: 1899019530
2016-11-16 10:34:58,824 [main] DEBUG com.l33tindustries.tools.datastructure.LinkedListDS - l33tindustries.tools.datastructure.LinkedListDS.insertNode(LinkedListDS.java:297) List is not empty. 
2016-11-16 10:34:58,824 [main] DEBUG com.l33tindustries.tools.datastructure.LinkedListDS - l33tindustries.tools.datastructure.LinkedListDS.getLast(LinkedListDS.java:150) Starting with node : 1648950784
2016-11-16 10:34:58,824 [main] DEBUG com.l33tindustries.tools.datastructure.LinkedListDS - l33tindustries.tools.datastructure.LinkedListDS.getLast(LinkedListDS.java:166) Node:  1648950784 is not the last node. Trying the next node.
2016-11-16 10:34:58,824 [main] DEBUG com.l33tindustries.tools.datastructure.LinkedListDS - l33tindustries.tools.datastructure.LinkedListDS.getLast(LinkedListDS.java:166) Node:  639362153 is not the last node. Trying the next node.
2016-11-16 10:34:58,825 [main] DEBUG com.l33tindustries.tools.datastructure.LinkedListDS - l33tindustries.tools.datastructure.LinkedListDS.insertNode(LinkedListDS.java:272) Adding data : 4
2016-11-16 10:34:58,825 [main] DEBUG com.l33tindustries.tools.datastructure.LinkedListDS - l33tindustries.tools.datastructure.LinkedListDS.insertNode(LinkedListDS.java:276) New node created: 919278996
2016-11-16 10:34:58,825 [main] DEBUG com.l33tindustries.tools.datastructure.LinkedListDS - l33tindustries.tools.datastructure.LinkedListDS.insertNode(LinkedListDS.java:297) List is not empty. 
2016-11-16 10:34:58,825 [main] DEBUG com.l33tindustries.tools.datastructure.LinkedListDS - l33tindustries.tools.datastructure.LinkedListDS.getLast(LinkedListDS.java:150) Starting with node : 1648950784
2016-11-16 10:34:58,825 [main] DEBUG com.l33tindustries.tools.datastructure.LinkedListDS - l33tindustries.tools.datastructure.LinkedListDS.getLast(LinkedListDS.java:166) Node:  1648950784 is not the last node. Trying the next node.
2016-11-16 10:34:58,825 [main] DEBUG com.l33tindustries.tools.datastructure.LinkedListDS - l33tindustries.tools.datastructure.LinkedListDS.getLast(LinkedListDS.java:166) Node:  639362153 is not the last node. Trying the next node.
2016-11-16 10:34:58,825 [main] DEBUG com.l33tindustries.tools.datastructure.LinkedListDS - l33tindustries.tools.datastructure.LinkedListDS.getLast(LinkedListDS.java:166) Node:  1899019530 is not the last node. Trying the next node.
2016-11-16 10:34:58,826 [main] DEBUG com.l33tindustries.tools.datastructure.LinkedListDS - l33tindustries.tools.datastructure.LinkedListDS.insertNode(LinkedListDS.java:272) Adding data : 5
2016-11-16 10:34:58,826 [main] DEBUG com.l33tindustries.tools.datastructure.LinkedListDS - l33tindustries.tools.datastructure.LinkedListDS.insertNode(LinkedListDS.java:276) New node created: 1324729254
2016-11-16 10:34:58,826 [main] DEBUG com.l33tindustries.tools.datastructure.LinkedListDS - l33tindustries.tools.datastructure.LinkedListDS.insertNode(LinkedListDS.java:297) List is not empty. 
2016-11-16 10:34:58,826 [main] DEBUG com.l33tindustries.tools.datastructure.LinkedListDS - l33tindustries.tools.datastructure.LinkedListDS.getLast(LinkedListDS.java:150) Starting with node : 1648950784
2016-11-16 10:34:58,826 [main] DEBUG com.l33tindustries.tools.datastructure.LinkedListDS - l33tindustries.tools.datastructure.LinkedListDS.getLast(LinkedListDS.java:166) Node:  1648950784 is not the last node. Trying the next node.
2016-11-16 10:34:58,826 [main] DEBUG com.l33tindustries.tools.datastructure.LinkedListDS - l33tindustries.tools.datastructure.LinkedListDS.getLast(LinkedListDS.java:166) Node:  639362153 is not the last node. Trying the next node.
2016-11-16 10:34:58,827 [main] DEBUG com.l33tindustries.tools.datastructure.LinkedListDS - l33tindustries.tools.datastructure.LinkedListDS.getLast(LinkedListDS.java:166) Node:  1899019530 is not the last node. Trying the next node.
2016-11-16 10:34:58,827 [main] DEBUG com.l33tindustries.tools.datastructure.LinkedListDS - l33tindustries.tools.datastructure.LinkedListDS.getLast(LinkedListDS.java:166) Node:  919278996 is not the last node. Trying the next node.
2016-11-16 10:34:58,827 [main] DEBUG com.l33tindustries.tools.datastructure.LinkedListDS - l33tindustries.tools.datastructure.LinkedListDS.insertNode(LinkedListDS.java:272) Adding data : 6
2016-11-16 10:34:58,827 [main] DEBUG com.l33tindustries.tools.datastructure.LinkedListDS - l33tindustries.tools.datastructure.LinkedListDS.insertNode(LinkedListDS.java:276) New node created: 1761603529
2016-11-16 10:34:58,827 [main] DEBUG com.l33tindustries.tools.datastructure.LinkedListDS - l33tindustries.tools.datastructure.LinkedListDS.insertNode(LinkedListDS.java:297) List is not empty. 
2016-11-16 10:34:58,827 [main] DEBUG com.l33tindustries.tools.datastructure.LinkedListDS - l33tindustries.tools.datastructure.LinkedListDS.getLast(LinkedListDS.java:150) Starting with node : 1648950784
2016-11-16 10:34:58,828 [main] DEBUG com.l33tindustries.tools.datastructure.LinkedListDS - l33tindustries.tools.datastructure.LinkedListDS.getLast(LinkedListDS.java:166) Node:  1648950784 is not the last node. Trying the next node.
2016-11-16 10:34:58,828 [main] DEBUG com.l33tindustries.tools.datastructure.LinkedListDS - l33tindustries.tools.datastructure.LinkedListDS.getLast(LinkedListDS.java:166) Node:  639362153 is not the last node. Trying the next node.
2016-11-16 10:34:58,828 [main] DEBUG com.l33tindustries.tools.datastructure.LinkedListDS - l33tindustries.tools.datastructure.LinkedListDS.getLast(LinkedListDS.java:166) Node:  1899019530 is not the last node. Trying the next node.
2016-11-16 10:34:58,828 [main] DEBUG com.l33tindustries.tools.datastructure.LinkedListDS - l33tindustries.tools.datastructure.LinkedListDS.getLast(LinkedListDS.java:166) Node:  919278996 is not the last node. Trying the next node.
2016-11-16 10:34:58,828 [main] DEBUG com.l33tindustries.tools.datastructure.LinkedListDS - l33tindustries.tools.datastructure.LinkedListDS.getLast(LinkedListDS.java:166) Node:  1324729254 is not the last node. Trying the next node.
2016-11-16 10:34:58,828 [main] DEBUG com.l33tindustries.tools.datastructure.LinkedListDS - l33tindustries.tools.datastructure.LinkedListDS.insertNode(LinkedListDS.java:272) Adding data : 7
2016-11-16 10:34:58,829 [main] DEBUG com.l33tindustries.tools.datastructure.LinkedListDS - l33tindustries.tools.datastructure.LinkedListDS.insertNode(LinkedListDS.java:276) New node created: 2060954361
2016-11-16 10:34:58,829 [main] DEBUG com.l33tindustries.tools.datastructure.LinkedListDS - l33tindustries.tools.datastructure.LinkedListDS.insertNode(LinkedListDS.java:297) List is not empty. 
2016-11-16 10:34:58,829 [main] DEBUG com.l33tindustries.tools.datastructure.LinkedListDS - l33tindustries.tools.datastructure.LinkedListDS.getLast(LinkedListDS.java:150) Starting with node : 1648950784
2016-11-16 10:34:58,830 [main] DEBUG com.l33tindustries.tools.datastructure.LinkedListDS - l33tindustries.tools.datastructure.LinkedListDS.getLast(LinkedListDS.java:166) Node:  1648950784 is not the last node. Trying the next node.
2016-11-16 10:34:58,830 [main] DEBUG com.l33tindustries.tools.datastructure.LinkedListDS - l33tindustries.tools.datastructure.LinkedListDS.getLast(LinkedListDS.java:166) Node:  639362153 is not the last node. Trying the next node.
2016-11-16 10:34:58,830 [main] DEBUG com.l33tindustries.tools.datastructure.LinkedListDS - l33tindustries.tools.datastructure.LinkedListDS.getLast(LinkedListDS.java:166) Node:  1899019530 is not the last node. Trying the next node.
2016-11-16 10:34:58,830 [main] DEBUG com.l33tindustries.tools.datastructure.LinkedListDS - l33tindustries.tools.datastructure.LinkedListDS.getLast(LinkedListDS.java:166) Node:  919278996 is not the last node. Trying the next node.
2016-11-16 10:34:58,830 [main] DEBUG com.l33tindustries.tools.datastructure.LinkedListDS - l33tindustries.tools.datastructure.LinkedListDS.getLast(LinkedListDS.java:166) Node:  1324729254 is not the last node. Trying the next node.
2016-11-16 10:34:58,830 [main] DEBUG com.l33tindustries.tools.datastructure.LinkedListDS - l33tindustries.tools.datastructure.LinkedListDS.getLast(LinkedListDS.java:166) Node:  1761603529 is not the last node. Trying the next node.
2016-11-16 10:34:58,831 [main] DEBUG com.l33tindustries.tools.datastructure.LinkedListDS - l33tindustries.tools.datastructure.LinkedListDS.insertNode(LinkedListDS.java:272) Adding data : 8
2016-11-16 10:34:58,831 [main] DEBUG com.l33tindustries.tools.datastructure.LinkedListDS - l33tindustries.tools.datastructure.LinkedListDS.insertNode(LinkedListDS.java:276) New node created: 1696202864
2016-11-16 10:34:58,831 [main] DEBUG com.l33tindustries.tools.datastructure.LinkedListDS - l33tindustries.tools.datastructure.LinkedListDS.insertNode(LinkedListDS.java:297) List is not empty. 
2016-11-16 10:34:58,832 [main] DEBUG com.l33tindustries.tools.datastructure.LinkedListDS - l33tindustries.tools.datastructure.LinkedListDS.getLast(LinkedListDS.java:150) Starting with node : 1648950784
2016-11-16 10:34:58,832 [main] DEBUG com.l33tindustries.tools.datastructure.LinkedListDS - l33tindustries.tools.datastructure.LinkedListDS.getLast(LinkedListDS.java:166) Node:  1648950784 is not the last node. Trying the next node.
2016-11-16 10:34:58,832 [main] DEBUG com.l33tindustries.tools.datastructure.LinkedListDS - l33tindustries.tools.datastructure.LinkedListDS.getLast(LinkedListDS.java:166) Node:  639362153 is not the last node. Trying the next node.
2016-11-16 10:34:58,832 [main] DEBUG com.l33tindustries.tools.datastructure.LinkedListDS - l33tindustries.tools.datastructure.LinkedListDS.getLast(LinkedListDS.java:166) Node:  1899019530 is not the last node. Trying the next node.
2016-11-16 10:34:58,832 [main] DEBUG com.l33tindustries.tools.datastructure.LinkedListDS - l33tindustries.tools.datastructure.LinkedListDS.getLast(LinkedListDS.java:166) Node:  919278996 is not the last node. Trying the next node.
2016-11-16 10:34:58,832 [main] DEBUG com.l33tindustries.tools.datastructure.LinkedListDS - l33tindustries.tools.datastructure.LinkedListDS.getLast(LinkedListDS.java:166) Node:  1324729254 is not the last node. Trying the next node.
2016-11-16 10:34:58,832 [main] DEBUG com.l33tindustries.tools.datastructure.LinkedListDS - l33tindustries.tools.datastructure.LinkedListDS.getLast(LinkedListDS.java:166) Node:  1761603529 is not the last node. Trying the next node.
2016-11-16 10:34:58,832 [main] DEBUG com.l33tindustries.tools.datastructure.LinkedListDS - l33tindustries.tools.datastructure.LinkedListDS.getLast(LinkedListDS.java:166) Node:  2060954361 is not the last node. Trying the next node.
2016-11-16 10:34:58,832 [main] DEBUG com.l33tindustries.tools.datastructure.LinkedListDS - l33tindustries.tools.datastructure.LinkedListDS.insertNode(LinkedListDS.java:272) Adding data : 9
2016-11-16 10:34:58,833 [main] DEBUG com.l33tindustries.tools.datastructure.LinkedListDS - l33tindustries.tools.datastructure.LinkedListDS.insertNode(LinkedListDS.java:276) New node created: 236121323
2016-11-16 10:34:58,833 [main] DEBUG com.l33tindustries.tools.datastructure.LinkedListDS - l33tindustries.tools.datastructure.LinkedListDS.insertNode(LinkedListDS.java:297) List is not empty. 
2016-11-16 10:34:58,834 [main] DEBUG com.l33tindustries.tools.datastructure.LinkedListDS - l33tindustries.tools.datastructure.LinkedListDS.deleteNode(LinkedListDS.java:329) Looking to delete 1648950784
2016-11-16 10:34:58,834 [main] DEBUG com.l33tindustries.tools.datastructure.LinkedListDS - l33tindustries.tools.datastructure.LinkedListDS.deleteNode(LinkedListDS.java:334) Destination deletion node is the head. Setting the next node as the new head.
2016-11-16 10:34:58,837 [main] DEBUG com.l33tindustries.tools.datastructure.LinkedListDS - l33tindustries.tools.datastructure.LinkedListDS.insertNode(LinkedListDS.java:272) Adding data : 0
2016-11-16 10:34:58,837 [main] DEBUG com.l33tindustries.tools.datastructure.LinkedListDS - l33tindustries.tools.datastructure.LinkedListDS.insertNode(LinkedListDS.java:276) New node created: 2088779652
2016-11-16 10:34:58,837 [main] DEBUG com.l33tindustries.tools.datastructure.LinkedListDS - l33tindustries.tools.datastructure.LinkedListDS.insertNode(LinkedListDS.java:287) Setting head 639362153 as next for new head node: 2088779652 and putting new node in the front.
2016-11-16 10:34:58,837 [main] DEBUG com.l33tindustries.tools.datastructure.LinkedListDS - l33tindustries.tools.datastructure.LinkedListDS.insertNode(LinkedListDS.java:290) Setting in front of head.
2016-11-16 10:34:58,838 [main] DEBUG com.l33tindustries.tools.datastructure.LinkedListDS - l33tindustries.tools.datastructure.LinkedListDS.addNode(LinkedListDS.java:489) Successfully Inserted data into Linked List! 
2016-11-16 10:34:58,838 [main] DEBUG com.l33tindustries.tools.datastructure.LinkedListDS - l33tindustries.tools.datastructure.LinkedListDS.addNode(LinkedListDS.java:474) Data already in Linked List. Exiting : false 
2016-11-16 10:34:58,839 [main] DEBUG com.l33tindustries.tools.datastructure.LinkedListDS - l33tindustries.tools.datastructure.LinkedListDS.getLast(LinkedListDS.java:150) Starting with node : 2088779652
2016-11-16 10:34:58,839 [main] DEBUG com.l33tindustries.tools.datastructure.LinkedListDS - l33tindustries.tools.datastructure.LinkedListDS.getLast(LinkedListDS.java:166) Node:  2088779652 is not the last node. Trying the next node.
2016-11-16 10:34:58,839 [main] DEBUG com.l33tindustries.tools.datastructure.LinkedListDS - l33tindustries.tools.datastructure.LinkedListDS.getLast(LinkedListDS.java:166) Node:  639362153 is not the last node. Trying the next node.
2016-11-16 10:34:58,840 [main] DEBUG com.l33tindustries.tools.datastructure.LinkedListDS - l33tindustries.tools.datastructure.LinkedListDS.getLast(LinkedListDS.java:166) Node:  1899019530 is not the last node. Trying the next node.
2016-11-16 10:34:58,840 [main] DEBUG com.l33tindustries.tools.datastructure.LinkedListDS - l33tindustries.tools.datastructure.LinkedListDS.getLast(LinkedListDS.java:166) Node:  919278996 is not the last node. Trying the next node.
2016-11-16 10:34:58,840 [main] DEBUG com.l33tindustries.tools.datastructure.LinkedListDS - l33tindustries.tools.datastructure.LinkedListDS.getLast(LinkedListDS.java:166) Node:  1324729254 is not the last node. Trying the next node.
2016-11-16 10:34:58,840 [main] DEBUG com.l33tindustries.tools.datastructure.LinkedListDS - l33tindustries.tools.datastructure.LinkedListDS.getLast(LinkedListDS.java:166) Node:  1761603529 is not the last node. Trying the next node.
2016-11-16 10:34:58,840 [main] DEBUG com.l33tindustries.tools.datastructure.LinkedListDS - l33tindustries.tools.datastructure.LinkedListDS.getLast(LinkedListDS.java:166) Node:  2060954361 is not the last node. Trying the next node.
2016-11-16 10:34:58,840 [main] DEBUG com.l33tindustries.tools.datastructure.LinkedListDS - l33tindustries.tools.datastructure.LinkedListDS.getLast(LinkedListDS.java:166) Node:  1696202864 is not the last node. Trying the next node.
2016-11-16 10:34:58,842 [main] DEBUG com.l33tindustries.tools.datastructure.LinkedListDS - l33tindustries.tools.datastructure.LinkedListDS.insertNode(LinkedListDS.java:272) Adding data : 10
2016-11-16 10:34:58,842 [main] DEBUG com.l33tindustries.tools.datastructure.LinkedListDS - l33tindustries.tools.datastructure.LinkedListDS.insertNode(LinkedListDS.java:276) New node created: 1204433655
2016-11-16 10:34:58,842 [main] DEBUG com.l33tindustries.tools.datastructure.LinkedListDS - l33tindustries.tools.datastructure.LinkedListDS.insertNode(LinkedListDS.java:297) List is not empty. 
2016-11-16 10:34:58,842 [main] DEBUG com.l33tindustries.tools.datastructure.LinkedListDS - l33tindustries.tools.datastructure.LinkedListDS.addNode(LinkedListDS.java:489) Successfully Inserted data into Linked List! 
